
Importing D:\HardWare Reppos\ALTIUM-reppo\Documents\MP3_player\PDNAnalyzer_Output\MP3_Player\MP3_Player\odb.tgz... [Wed Feb  4 18:46:21 2026]
============================================================
Reading ODB++ database ...

Reading file odb/misc/info...
Reading file odb/matrix/matrix...
Reading file odb/steps/pcb/profile...
Reading file odb/steps/pcb/eda/data...
Origin of ODB++ database:  Altium Designer file - Version 1.0.0.30000
eda data: 13 packages, 46 nets.
Reading file odb/steps/pcb/layers/top_solder/features...
223 SWHs on layer TOP_SOLDER

Reading file odb/steps/pcb/layers/top_layer/features...
750 SWHs on layer TOP_LAYER

Reading file odb/steps/pcb/layers/dielectric_2/features...
0 SWHs on layer DIELECTRIC_2

Reading file odb/steps/pcb/layers/int1__gnd_/features...
35 SWHs on layer INT1__GND_

Reading file odb/steps/pcb/layers/dielectric_3/features...
0 SWHs on layer DIELECTRIC_3

Reading file odb/steps/pcb/layers/int2__pwr_/features...
41 SWHs on layer INT2__PWR_

Reading file odb/steps/pcb/layers/dielectric_5/features...
0 SWHs on layer DIELECTRIC_5

Reading file odb/steps/pcb/layers/bottom_layer/features...
550 SWHs on layer BOTTOM_LAYER

Reading file odb/steps/pcb/layers/bottom_solder/features...
73 SWHs on layer BOTTOM_SOLDER

Reading file odb/steps/pcb/layers/top_solder/attrlist...
Reading file odb/steps/pcb/layers/top_layer/attrlist...
Reading file odb/steps/pcb/layers/dielectric_2/attrlist...
Reading file odb/steps/pcb/layers/int1__gnd_/attrlist...
Reading file odb/steps/pcb/layers/dielectric_3/attrlist...
Reading file odb/steps/pcb/layers/int2__pwr_/attrlist...
Reading file odb/steps/pcb/layers/dielectric_5/attrlist...
Reading file odb/steps/pcb/layers/bottom_layer/attrlist...
Reading file odb/steps/pcb/layers/bottom_solder/attrlist...
WARNING: material values were set to default due to missing information for the following layers:  'TOP_LAYER', 'INT1__GND_', 'INT2__PWR_', 'BOTTOM_LAYER'
parsing drills TOP_LAYER-BOTTOM_LAYER
Reading file odb/steps/pcb/layers/drill_non-plated_bottom_layer-top_layer/features...
parsing drills TOP_LAYER-BOTTOM_LAYER
Reading file odb/steps/pcb/layers/drill_plated_bottom_layer-top_layer/features...
Reading file odb/steps/pcb/layers/comp_+_top/components...
INFO: 7 duplicate vertices ignored
========================================
INFO: Created CSV file (D:\HardWare Reppos\ALTIUM-reppo\Documents\MP3_player\PDNAnalyzer_Output\MP3_Player\MP3_Player\Results\tmp\design.csv) with component properties extracted from ODB++ file.
========================================
========================================
Lumped-element import (D:\HardWare Reppos\ALTIUM-reppo\Documents\MP3_player\PDNAnalyzer_Output\MP3_Player\MP3_Player\Results\tmp\design.csv)...
Detected ' ; ' as separator.

Value-string translations:
	100R ->  100.0 Ohms (R)
	100n ->  100.0 nF (C)
	10k ->  10.0 kOhms (R)
	10u ->  10.0 uF (C)
	12p ->  12.0 pF (C)
	2p7 ->  2.7 pF (C)
	2u2 ->  2.2 uF (C)
	47k ->  47.0 kOhms (R)
	47u ->  47.0 uF (C)
	5k1 ->  5.1 kOhms (R)
========================================
Auto-imported CSV-file 'D:\HardWare Reppos\ALTIUM-reppo\Documents\MP3_player\PDNAnalyzer_Output\MP3_Player\MP3_Player\Results\tmp\design.csv'.
========================================
Unifying library padstacks...
Finished reading database.
============================================================
